------------------------------------------------------------------------
r31 | neuron | 2005-09-17 14:10:32 +0000 (Sat, 17 Sep 2005) | 1 line

removing commented out blocks and adding documentation
------------------------------------------------------------------------
r30 | neuron | 2005-09-16 14:06:24 +0000 (Fri, 16 Sep 2005) | 1 line

ran indent
------------------------------------------------------------------------
r29 | neuron | 2005-09-16 14:06:00 +0000 (Fri, 16 Sep 2005) | 1 line

removing some compile errors
------------------------------------------------------------------------
r28 | neuron | 2005-09-12 14:52:58 +0000 (Mon, 12 Sep 2005) | 1 line

release 0.1.2, the only updates are in documentation and copyright
------------------------------------------------------------------------
r27 | neuron | 2005-09-12 14:50:29 +0000 (Mon, 12 Sep 2005) | 1 line

updating copyright
------------------------------------------------------------------------
r26 | neuron | 2005-09-11 14:27:03 +0000 (Sun, 11 Sep 2005) | 1 line

fixing typo
------------------------------------------------------------------------
r25 | neuron | 2005-09-05 14:05:23 +0000 (Mon, 05 Sep 2005) | 1 line

more updates to documentetion
------------------------------------------------------------------------
r24 | neuron | 2005-09-05 13:16:15 +0000 (Mon, 05 Sep 2005) | 1 line

updated readme
------------------------------------------------------------------------
r23 | neuron | 2005-08-11 12:10:17 +0000 (Thu, 11 Aug 2005) | 1 line

Release 0.1.1
------------------------------------------------------------------------
r22 | neuron | 2005-08-11 12:08:54 +0000 (Thu, 11 Aug 2005) | 1 line

removing a stupid comment
------------------------------------------------------------------------
r21 | neuron | 2005-04-21 14:03:59 +0000 (Thu, 21 Apr 2005) | 1 line

Release 0.1
------------------------------------------------------------------------
r20 | neuron | 2005-04-21 14:02:20 +0000 (Thu, 21 Apr 2005) | 1 line

Updated documentation
------------------------------------------------------------------------
r19 | neuron | 2005-04-21 01:58:43 +0000 (Thu, 21 Apr 2005) | 1 line

Updated example config a bit and updated README
------------------------------------------------------------------------
r18 | neuron | 2005-04-21 01:55:27 +0000 (Thu, 21 Apr 2005) | 1 line

turned umount on logout back on
------------------------------------------------------------------------
r17 | neuron | 2005-04-21 01:52:02 +0000 (Thu, 21 Apr 2005) | 1 line

Small rewrite, new config file system, considerably better overall.
------------------------------------------------------------------------
r16 | neuron | 2005-04-21 01:17:46 +0000 (Thu, 21 Apr 2005) | 1 line

Now works with passing options to fuse
------------------------------------------------------------------------
r15 | neuron | 2005-04-21 01:17:23 +0000 (Thu, 21 Apr 2005) | 1 line

Now works with passing options to fuse
------------------------------------------------------------------------
r14 | neuron | 2005-04-20 18:45:07 +0000 (Wed, 20 Apr 2005) | 1 line

Works with gdm now
------------------------------------------------------------------------
r13 | neuron | 2005-04-20 16:33:25 +0000 (Wed, 20 Apr 2005) | 1 line

Fixed pipes properly, note that -- -o allow_root still doesn't work
------------------------------------------------------------------------
r12 | neuron | 2005-04-20 00:45:55 +0000 (Wed, 20 Apr 2005) | 1 line

Fixes so it's usable with gdm/X now.
------------------------------------------------------------------------
r11 | neuron | 2005-04-19 16:03:47 +0000 (Tue, 19 Apr 2005) | 1 line

Opps, forgot example conf file
------------------------------------------------------------------------
r10 | neuron | 2005-04-19 15:41:26 +0000 (Tue, 19 Apr 2005) | 1 line

Documentation update
------------------------------------------------------------------------
r9 | neuron | 2005-04-19 15:29:04 +0000 (Tue, 19 Apr 2005) | 1 line

Added support for umount
------------------------------------------------------------------------
r8 | neuron | 2005-04-19 14:39:21 +0000 (Tue, 19 Apr 2005) | 1 line

documentation changes
------------------------------------------------------------------------
r7 | neuron | 2005-04-19 14:35:40 +0000 (Tue, 19 Apr 2005) | 1 line

Documentation and better multiuser support
------------------------------------------------------------------------
r6 | neuron | 2005-04-19 00:22:47 +0000 (Tue, 19 Apr 2005) | 1 line

no longer using /usr/local/bin/encfs hardcoded path
------------------------------------------------------------------------
r5 | neuron | 2005-04-18 22:48:55 +0000 (Mon, 18 Apr 2005) | 1 line

Updated todo
------------------------------------------------------------------------
r4 | neuron | 2005-04-18 22:25:45 +0000 (Mon, 18 Apr 2005) | 1 line


------------------------------------------------------------------------
r3 | neuron | 2005-04-18 22:24:30 +0000 (Mon, 18 Apr 2005) | 1 line


------------------------------------------------------------------------
r2 | neuron | 2005-04-18 22:24:27 +0000 (Mon, 18 Apr 2005) | 1 line


------------------------------------------------------------------------
r1 | neuron | 2005-04-18 22:24:16 +0000 (Mon, 18 Apr 2005) | 1 line

Initial import
------------------------------------------------------------------------
